# JRE version: OpenJDK Runtime Environment (8.0_242) (build 1.8.0_242-release-1644-b3-6222593)
# Java VM: OpenJDK 64-Bit Server VM (25.242-b3-6222593 mixed mode linux-amd64 compressed oops)
Heap:
 PSYoungGen      total 513536K, used 472741K [0x00000000d5580000, 0x0000000100000000, 0x0000000100000000)
  eden space 357888K, 100% used [0x00000000d5580000,0x00000000eb300000,0x00000000eb300000)
  from space 155648K, 73% used [0x00000000f5500000,0x00000000fc529728,0x00000000fed00000)
  to   space 165888K, 2% used [0x00000000eb300000,0x00000000eb674020,0x00000000f5500000)
 ParOldGen       total 351232K, used 140787K [0x0000000080000000, 0x0000000095700000, 0x00000000d5580000)
  object space 351232K, 40% used [0x0000000080000000,0x000000008897cd10,0x0000000095700000)
 Metaspace       used 145891K, capacity 153716K, committed 154648K, reserved 1183744K
  class space    used 18196K, capacity 19638K, committed 20272K, reserved 1048576K
GC Heap History (10 events):
Event: 1800.814 GC heap after
Heap after GC invocations=26 (full 5):
 PSYoungGen      total 490496K, used 113052K [0x00000000d5580000, 0x0000000100000000, 0x0000000100000000)
  eden space 377344K, 0% used [0x00000000d5580000,0x00000000d5580000,0x00000000ec600000)
  from space 113152K, 99% used [0x00000000ec600000,0x00000000f3467198,0x00000000f3480000)
  to   space 170496K, 0% used [0x00000000f5980000,0x00000000f5980000,0x0000000100000000)
 ParOldGen       total 368128K, used 251191K [0x0000000080000000, 0x0000000096780000, 0x00000000d5580000)
  object space 368128K, 68% used [0x0000000080000000,0x000000008f54df70,0x0000000096780000)
 Metaspace       used 140482K, capacity 147766K, committed 149272K, reserved 1179648K
  class space    used 17662K, capacity 19043K, committed 19760K, reserved 1048576K
}
Event: 1809.565 GC heap before
{Heap before GC invocations=27 (full 5):
 PSYoungGen      total 490496K, used 490396K [0x00000000d5580000, 0x0000000100000000, 0x0000000100000000)
  eden space 377344K, 100% used [0x00000000d5580000,0x00000000ec600000,0x00000000ec600000)
  from space 113152K, 99% used [0x00000000ec600000,0x00000000f3467198,0x00000000f3480000)
  to   space 170496K, 0% used [0x00000000f5980000,0x00000000f5980000,0x0000000100000000)
 ParOldGen       total 368128K, used 251191K [0x0000000080000000, 0x0000000096780000, 0x00000000d5580000)
  object space 368128K, 68% used [0x0000000080000000,0x000000008f54df70,0x0000000096780000)
 Metaspace       used 145648K, capacity 153210K, committed 154136K, reserved 1183744K
  class space    used 18239K, capacity 19679K, committed 20272K, reserved 1048576K
Event: 1809.827 GC heap after
Heap after GC invocations=27 (full 5):
 PSYoungGen      total 538624K, used 63001K [0x00000000d5580000, 0x0000000100000000, 0x0000000100000000)
  eden space 368128K, 0% used [0x00000000d5580000,0x00000000d5580000,0x00000000ebd00000)
  from space 170496K, 36% used [0x00000000f5980000,0x00000000f97064b8,0x0000000100000000)
  to   space 160256K, 0% used [0x00000000ebd00000,0x00000000ebd00000,0x00000000f5980000)
 ParOldGen       total 368128K, used 303737K [0x0000000080000000, 0x0000000096780000, 0x00000000d5580000)
  object space 368128K, 82% used [0x0000000080000000,0x000000009289e4c0,0x0000000096780000)
 Metaspace       used 145648K, capacity 153210K, committed 154136K, reserved 1183744K
  class space    used 18239K, capacity 19679K, committed 20272K, reserved 1048576K
}
Event: 1809.827 GC heap before
{Heap before GC invocations=28 (full 6):
 PSYoungGen      total 538624K, used 63001K [0x00000000d5580000, 0x0000000100000000, 0x0000000100000000)
  eden space 368128K, 0% used [0x00000000d5580000,0x00000000d5580000,0x00000000ebd00000)
  from space 170496K, 36% used [0x00000000f5980000,0x00000000f97064b8,0x0000000100000000)
  to   space 160256K, 0% used [0x00000000ebd00000,0x00000000ebd00000,0x00000000f5980000)
 ParOldGen       total 368128K, used 303737K [0x0000000080000000, 0x0000000096780000, 0x00000000d5580000)
  object space 368128K, 82% used [0x0000000080000000,0x000000009289e4c0,0x0000000096780000)
 Metaspace       used 145648K, capacity 153210K, committed 154136K, reserved 1183744K
  class space    used 18239K, capacity 19679K, committed 20272K, reserved 1048576K
Event: 1810.357 GC heap after
Heap after GC invocations=28 (full 6):
 PSYoungGen      total 538624K, used 0K [0x00000000d5580000, 0x0000000100000000, 0x0000000100000000)
  eden space 368128K, 0% used [0x00000000d5580000,0x00000000d5580000,0x00000000ebd00000)
  from space 170496K, 0% used [0x00000000f5980000,0x00000000f5980000,0x0000000100000000)
  to   space 160256K, 0% used [0x00000000ebd00000,0x00000000ebd00000,0x00000000f5980000)
 ParOldGen       total 351232K, used 115437K [0x0000000080000000, 0x0000000095700000, 0x00000000d5580000)
  object space 351232K, 32% used [0x0000000080000000,0x00000000870bb460,0x0000000095700000)
 Metaspace       used 135845K, capacity 142212K, committed 152088K, reserved 1181696K
  class space    used 16923K, capacity 18132K, committed 20272K, reserved 1048576K
}
Event: 1823.781 GC heap before
{Heap before GC invocations=29 (full 6):
 PSYoungGen      total 538624K, used 368128K [0x00000000d5580000, 0x0000000100000000, 0x0000000100000000)
  eden space 368128K, 100% used [0x00000000d5580000,0x00000000ebd00000,0x00000000ebd00000)
  from space 170496K, 0% used [0x00000000f5980000,0x00000000f5980000,0x0000000100000000)
  to   space 160256K, 0% used [0x00000000ebd00000,0x00000000ebd00000,0x00000000f5980000)
 ParOldGen       total 351232K, used 115437K [0x0000000080000000, 0x0000000095700000, 0x00000000d5580000)
  object space 351232K, 32% used [0x0000000080000000,0x00000000870bb460,0x0000000095700000)
 Metaspace       used 145333K, capacity 153014K, committed 154136K, reserved 1183744K
  class space    used 18174K, capacity 19613K, committed 20272K, reserved 1048576K
Event: 1823.861 GC heap after
Heap after GC invocations=29 (full 6):
 PSYoungGen      total 403456K, used 35255K [0x00000000d5580000, 0x00000000fed00000, 0x0000000100000000)
  eden space 368128K, 0% used [0x00000000d5580000,0x00000000d5580000,0x00000000ebd00000)
  from space 35328K, 99% used [0x00000000ebd00000,0x00000000edf6de58,0x00000000edf80000)
  to   space 155648K, 0% used [0x00000000f5500000,0x00000000f5500000,0x00000000fed00000)
 ParOldGen       total 351232K, used 115445K [0x0000000080000000, 0x0000000095700000, 0x00000000d5580000)
  object space 351232K, 32% used [0x0000000080000000,0x00000000870bd460,0x0000000095700000)
 Metaspace       used 145333K, capacity 153014K, committed 154136K, reserved 1183744K
  class space    used 18174K, capacity 19613K, committed 20272K, reserved 1048576K
}
Event: 1826.476 GC heap before
{Heap before GC invocations=30 (full 6):
 PSYoungGen      total 403456K, used 403383K [0x00000000d5580000, 0x00000000fed00000, 0x0000000100000000)
  eden space 368128K, 100% used [0x00000000d5580000,0x00000000ebd00000,0x00000000ebd00000)
  from space 35328K, 99% used [0x00000000ebd00000,0x00000000edf6de58,0x00000000edf80000)
  to   space 155648K, 0% used [0x00000000f5500000,0x00000000f5500000,0x00000000fed00000)
 ParOldGen       total 351232K, used 115445K [0x0000000080000000, 0x0000000095700000, 0x00000000d5580000)
  object space 351232K, 32% used [0x0000000080000000,0x00000000870bd460,0x0000000095700000)
 Metaspace       used 145718K, capacity 153434K, committed 154392K, reserved 1183744K
  class space    used 18180K, capacity 19623K, committed 20272K, reserved 1048576K
Event: 1826.729 GC heap after
Heap after GC invocations=30 (full 6):
 PSYoungGen      total 513536K, used 114853K [0x00000000d5580000, 0x0000000100000000, 0x0000000100000000)
  eden space 357888K, 0% used [0x00000000d5580000,0x00000000d5580000,0x00000000eb300000)
  from space 155648K, 73% used [0x00000000f5500000,0x00000000fc529728,0x00000000fed00000)
  to   space 165888K, 0% used [0x00000000eb300000,0x00000000eb300000,0x00000000f5500000)
 ParOldGen       total 351232K, used 115453K [0x0000000080000000, 0x0000000095700000, 0x00000000d5580000)
  object space 351232K, 32% used [0x0000000080000000,0x00000000870bf460,0x0000000095700000)
 Metaspace       used 145718K, capacity 153434K, committed 154392K, reserved 1183744K
  class space    used 18180K, capacity 19623K, committed 20272K, reserved 1048576K
}
Event: 1959.355 GC heap before
{Heap before GC invocations=31 (full 6):
 PSYoungGen      total 513536K, used 472741K [0x00000000d5580000, 0x0000000100000000, 0x0000000100000000)
  eden space 357888K, 100% used [0x00000000d5580000,0x00000000eb300000,0x00000000eb300000)
  from space 155648K, 73% used [0x00000000f5500000,0x00000000fc529728,0x00000000fed00000)
  to   space 165888K, 0% used [0x00000000eb300000,0x00000000eb300000,0x00000000f5500000)
 ParOldGen       total 351232K, used 115453K [0x0000000080000000, 0x0000000095700000, 0x00000000d5580000)
  object space 351232K, 32% used [0x0000000080000000,0x00000000870bf460,0x0000000095700000)
 Metaspace       used 145891K, capacity 153716K, committed 154648K, reserved 1183744K
  class space    used 18196K, capacity 19638K, committed 20272K, reserved 1048576K

