# JRE version: OpenJDK Runtime Environment (8.0_242) (build 1.8.0_242-release-1644-b3-6222593)
# Java VM: OpenJDK 64-Bit Server VM (25.242-b3-6222593 mixed mode linux-amd64 compressed oops)
Heap:
 PSYoungGen      total 604672K, used 73294K [0x00000000d5580000, 0x00000000ffc80000, 0x0000000100000000)
  eden space 525824K, 13% used [0x00000000d5580000,0x00000000d991bb10,0x00000000f5700000)
  from space 78848K, 5% used [0x00000000f5700000,0x00000000f5af8000,0x00000000fa400000)
  to   space 75776K, 0% used [0x00000000fb280000,0x00000000fb280000,0x00000000ffc80000)
 ParOldGen       total 515584K, used 461522K [0x0000000080000000, 0x000000009f780000, 0x00000000d5580000)
  object space 515584K, 89% used [0x0000000080000000,0x000000009c2b4828,0x000000009f780000)
 Metaspace       used 185776K, capacity 199384K, committed 200600K, reserved 1222656K
  class space    used 23340K, capacity 26118K, committed 27056K, reserved 1048576K
GC Heap History (10 events):
Event: 1731.219 GC heap before
{Heap before GC invocations=85 (full 8):
 PSYoungGen      total 585216K, used 505153K [0x00000000d5580000, 0x00000000ff080000, 0x0000000100000000)
  eden space 490496K, 100% used [0x00000000d5580000,0x00000000f3480000,0x00000000f3480000)
  from space 94720K, 15% used [0x00000000f9400000,0x00000000fa2505d8,0x00000000ff080000)
  to   space 96256K, 0% used [0x00000000f3480000,0x00000000f3480000,0x00000000f9280000)
 ParOldGen       total 515584K, used 432068K [0x0000000080000000, 0x000000009f780000, 0x00000000d5580000)
  object space 515584K, 83% used [0x0000000080000000,0x000000009a5f11c0,0x000000009f780000)
 Metaspace       used 185757K, capacity 199376K, committed 200600K, reserved 1222656K
  class space    used 23340K, capacity 26118K, committed 27056K, reserved 1048576K
Event: 1731.275 GC heap after
Heap after GC invocations=85 (full 8):
 PSYoungGen      total 586752K, used 3321K [0x00000000d5580000, 0x00000000ffb80000, 0x0000000100000000)
  eden space 490496K, 0% used [0x00000000d5580000,0x00000000d5580000,0x00000000f3480000)
  from space 96256K, 3% used [0x00000000f3480000,0x00000000f37be768,0x00000000f9280000)
  to   space 93184K, 0% used [0x00000000fa080000,0x00000000fa080000,0x00000000ffb80000)
 ParOldGen       total 515584K, used 442231K [0x0000000080000000, 0x000000009f780000, 0x00000000d5580000)
  object space 515584K, 85% used [0x0000000080000000,0x000000009afddda0,0x000000009f780000)
 Metaspace       used 185757K, capacity 199376K, committed 200600K, reserved 1222656K
  class space    used 23340K, capacity 26118K, committed 27056K, reserved 1048576K
}
Event: 1733.807 GC heap before
{Heap before GC invocations=86 (full 8):
 PSYoungGen      total 586752K, used 493817K [0x00000000d5580000, 0x00000000ffb80000, 0x0000000100000000)
  eden space 490496K, 100% used [0x00000000d5580000,0x00000000f3480000,0x00000000f3480000)
  from space 96256K, 3% used [0x00000000f3480000,0x00000000f37be768,0x00000000f9280000)
  to   space 93184K, 0% used [0x00000000fa080000,0x00000000fa080000,0x00000000ffb80000)
 ParOldGen       total 515584K, used 442231K [0x0000000080000000, 0x000000009f780000, 0x00000000d5580000)
  object space 515584K, 85% used [0x0000000080000000,0x000000009afddda0,0x000000009f780000)
 Metaspace       used 185763K, capacity 199376K, committed 200600K, reserved 1222656K
  class space    used 23340K, capacity 26118K, committed 27056K, reserved 1048576K
Event: 1733.868 GC heap after
Heap after GC invocations=86 (full 8):
 PSYoungGen      total 595968K, used 6824K [0x00000000d5580000, 0x00000000ff500000, 0x0000000100000000)
  eden space 509440K, 0% used [0x00000000d5580000,0x00000000d5580000,0x00000000f4700000)
  from space 86528K, 7% used [0x00000000fa080000,0x00000000fa72a048,0x00000000ff500000)
  to   space 89088K, 0% used [0x00000000f4700000,0x00000000f4700000,0x00000000f9e00000)
 ParOldGen       total 515584K, used 444100K [0x0000000080000000, 0x000000009f780000, 0x00000000d5580000)
  object space 515584K, 86% used [0x0000000080000000,0x000000009b1b11f0,0x000000009f780000)
 Metaspace       used 185763K, capacity 199376K, committed 200600K, reserved 1222656K
  class space    used 23340K, capacity 26118K, committed 27056K, reserved 1048576K
}
Event: 1736.078 GC heap before
{Heap before GC invocations=87 (full 8):
 PSYoungGen      total 595968K, used 516264K [0x00000000d5580000, 0x00000000ff500000, 0x0000000100000000)
  eden space 509440K, 100% used [0x00000000d5580000,0x00000000f4700000,0x00000000f4700000)
  from space 86528K, 7% used [0x00000000fa080000,0x00000000fa72a048,0x00000000ff500000)
  to   space 89088K, 0% used [0x00000000f4700000,0x00000000f4700000,0x00000000f9e00000)
 ParOldGen       total 515584K, used 444100K [0x0000000080000000, 0x000000009f780000, 0x00000000d5580000)
  object space 515584K, 86% used [0x0000000080000000,0x000000009b1b11f0,0x000000009f780000)
 Metaspace       used 185775K, capacity 199384K, committed 200600K, reserved 1222656K
  class space    used 23340K, capacity 26118K, committed 27056K, reserved 1048576K
Event: 1736.130 GC heap after
Heap after GC invocations=87 (full 8):
 PSYoungGen      total 598528K, used 10203K [0x00000000d5580000, 0x00000000ff880000, 0x0000000100000000)
  eden space 509440K, 0% used [0x00000000d5580000,0x00000000d5580000,0x00000000f4700000)
  from space 89088K, 11% used [0x00000000f4700000,0x00000000f50f6cf0,0x00000000f9e00000)
  to   space 83968K, 0% used [0x00000000fa680000,0x00000000fa680000,0x00000000ff880000)
 ParOldGen       total 515584K, used 447565K [0x0000000080000000, 0x000000009f780000, 0x00000000d5580000)
  object space 515584K, 86% used [0x0000000080000000,0x000000009b513458,0x000000009f780000)
 Metaspace       used 185775K, capacity 199384K, committed 200600K, reserved 1222656K
  class space    used 23340K, capacity 26118K, committed 27056K, reserved 1048576K
}
Event: 1740.063 GC heap before
{Heap before GC invocations=88 (full 8):
 PSYoungGen      total 598528K, used 519643K [0x00000000d5580000, 0x00000000ff880000, 0x0000000100000000)
  eden space 509440K, 100% used [0x00000000d5580000,0x00000000f4700000,0x00000000f4700000)
  from space 89088K, 11% used [0x00000000f4700000,0x00000000f50f6cf0,0x00000000f9e00000)
  to   space 83968K, 0% used [0x00000000fa680000,0x00000000fa680000,0x00000000ff880000)
 ParOldGen       total 515584K, used 447565K [0x0000000080000000, 0x000000009f780000, 0x00000000d5580000)
  object space 515584K, 86% used [0x0000000080000000,0x000000009b513458,0x000000009f780000)
 Metaspace       used 185775K, capacity 199384K, committed 200600K, reserved 1222656K
  class space    used 23340K, capacity 26118K, committed 27056K, reserved 1048576K
Event: 1740.219 GC heap after
Heap after GC invocations=88 (full 8):
 PSYoungGen      total 602112K, used 13743K [0x00000000d5580000, 0x00000000ff100000, 0x0000000100000000)
  eden space 525824K, 0% used [0x00000000d5580000,0x00000000d5580000,0x00000000f5700000)
  from space 76288K, 18% used [0x00000000fa680000,0x00000000fb3ebdc0,0x00000000ff100000)
  to   space 78848K, 0% used [0x00000000f5700000,0x00000000f5700000,0x00000000fa400000)
 ParOldGen       total 515584K, used 453520K [0x0000000080000000, 0x000000009f780000, 0x00000000d5580000)
  object space 515584K, 87% used [0x0000000080000000,0x000000009bae4120,0x000000009f780000)
 Metaspace       used 185775K, capacity 199384K, committed 200600K, reserved 1222656K
  class space    used 23340K, capacity 26118K, committed 27056K, reserved 1048576K
}
Event: 1745.722 GC heap before
{Heap before GC invocations=89 (full 8):
 PSYoungGen      total 602112K, used 539567K [0x00000000d5580000, 0x00000000ff100000, 0x0000000100000000)
  eden space 525824K, 100% used [0x00000000d5580000,0x00000000f5700000,0x00000000f5700000)
  from space 76288K, 18% used [0x00000000fa680000,0x00000000fb3ebdc0,0x00000000ff100000)
  to   space 78848K, 0% used [0x00000000f5700000,0x00000000f5700000,0x00000000fa400000)
 ParOldGen       total 515584K, used 453520K [0x0000000080000000, 0x000000009f780000, 0x00000000d5580000)
  object space 515584K, 87% used [0x0000000080000000,0x000000009bae4120,0x000000009f780000)
 Metaspace       used 185776K, capacity 199384K, committed 200600K, reserved 1222656K
  class space    used 23340K, capacity 26118K, committed 27056K, reserved 1048576K
Event: 1745.767 GC heap after
Heap after GC invocations=89 (full 8):
 PSYoungGen      total 604672K, used 4064K [0x00000000d5580000, 0x00000000ffc80000, 0x0000000100000000)
  eden space 525824K, 0% used [0x00000000d5580000,0x00000000d5580000,0x00000000f5700000)
  from space 78848K, 5% used [0x00000000f5700000,0x00000000f5af8000,0x00000000fa400000)
  to   space 75776K, 0% used [0x00000000fb280000,0x00000000fb280000,0x00000000ffc80000)
 ParOldGen       total 515584K, used 461522K [0x0000000080000000, 0x000000009f780000, 0x00000000d5580000)
  object space 515584K, 89% used [0x0000000080000000,0x000000009c2b4828,0x000000009f780000)
 Metaspace       used 185776K, capacity 199384K, committed 200600K, reserved 1222656K
  class space    used 23340K, capacity 26118K, committed 27056K, reserved 1048576K
}

