# JRE version: OpenJDK Runtime Environment (8.0_242) (build 1.8.0_242-release-1644-b3-6222593)
# Java VM: OpenJDK 64-Bit Server VM (25.242-b3-6222593 mixed mode linux-amd64 compressed oops)
Heap:
 PSYoungGen      total 534528K, used 519523K [0x00000000d5580000, 0x00000000fd480000, 0x0000000100000000)
  eden space 450560K, 100% used [0x00000000d5580000,0x00000000f0d80000,0x00000000f0d80000)
  from space 83968K, 82% used [0x00000000f8280000,0x00000000fc5d8e58,0x00000000fd480000)
  to   space 101888K, 60% used [0x00000000f0d80000,0x00000000f499f778,0x00000000f7100000)
 ParOldGen       total 397824K, used 214068K [0x0000000080000000, 0x0000000098480000, 0x00000000d5580000)
  object space 397824K, 53% used [0x0000000080000000,0x000000008d10d0d0,0x0000000098480000)
 Metaspace       used 142474K, capacity 152622K, committed 152856K, reserved 1181696K
  class space    used 18068K, capacity 19905K, committed 20008K, reserved 1048576K
GC Heap History (10 events):
Event: 1418.176 GC heap after
Heap after GC invocations=29 (full 5):
 PSYoungGen      total 593920K, used 51004K [0x00000000d5580000, 0x00000000fff00000, 0x0000000100000000)
  eden space 485888K, 0% used [0x00000000d5580000,0x00000000d5580000,0x00000000f3000000)
  from space 108032K, 47% used [0x00000000f9580000,0x00000000fc74f2f8,0x00000000fff00000)
  to   space 103936K, 0% used [0x00000000f3000000,0x00000000f3000000,0x00000000f9580000)
 ParOldGen       total 397824K, used 214052K [0x0000000080000000, 0x0000000098480000, 0x00000000d5580000)
  object space 397824K, 53% used [0x0000000080000000,0x000000008d1090d0,0x0000000098480000)
 Metaspace       used 141552K, capacity 151704K, committed 151832K, reserved 1181696K
  class space    used 18060K, capacity 19902K, committed 20008K, reserved 1048576K
}
Event: 1460.891 GC heap before
{Heap before GC invocations=30 (full 5):
 PSYoungGen      total 593920K, used 536892K [0x00000000d5580000, 0x00000000fff00000, 0x0000000100000000)
  eden space 485888K, 100% used [0x00000000d5580000,0x00000000f3000000,0x00000000f3000000)
  from space 108032K, 47% used [0x00000000f9580000,0x00000000fc74f2f8,0x00000000fff00000)
  to   space 103936K, 0% used [0x00000000f3000000,0x00000000f3000000,0x00000000f9580000)
 ParOldGen       total 397824K, used 214052K [0x0000000080000000, 0x0000000098480000, 0x00000000d5580000)
  object space 397824K, 53% used [0x0000000080000000,0x000000008d1090d0,0x0000000098480000)
 Metaspace       used 141867K, capacity 151986K, committed 152344K, reserved 1181696K
  class space    used 18064K, capacity 19903K, committed 20008K, reserved 1048576K
Event: 1460.984 GC heap after
Heap after GC invocations=30 (full 5):
 PSYoungGen      total 549376K, used 62979K [0x00000000d5580000, 0x00000000ff900000, 0x0000000100000000)
  eden space 485888K, 0% used [0x00000000d5580000,0x00000000d5580000,0x00000000f3000000)
  from space 63488K, 99% used [0x00000000f3000000,0x00000000f6d80e38,0x00000000f6e00000)
  to   space 102400K, 0% used [0x00000000f9500000,0x00000000f9500000,0x00000000ff900000)
 ParOldGen       total 397824K, used 214060K [0x0000000080000000, 0x0000000098480000, 0x00000000d5580000)
  object space 397824K, 53% used [0x0000000080000000,0x000000008d10b0d0,0x0000000098480000)
 Metaspace       used 141867K, capacity 151986K, committed 152344K, reserved 1181696K
  class space    used 18064K, capacity 19903K, committed 20008K, reserved 1048576K
}
Event: 1512.457 GC heap before
{Heap before GC invocations=31 (full 5):
 PSYoungGen      total 549376K, used 548867K [0x00000000d5580000, 0x00000000ff900000, 0x0000000100000000)
  eden space 485888K, 100% used [0x00000000d5580000,0x00000000f3000000,0x00000000f3000000)
  from space 63488K, 99% used [0x00000000f3000000,0x00000000f6d80e38,0x00000000f6e00000)
  to   space 102400K, 0% used [0x00000000f9500000,0x00000000f9500000,0x00000000ff900000)
 ParOldGen       total 397824K, used 214060K [0x0000000080000000, 0x0000000098480000, 0x00000000d5580000)
  object space 397824K, 53% used [0x0000000080000000,0x000000008d10b0d0,0x0000000098480000)
 Metaspace       used 142066K, capacity 152202K, committed 152344K, reserved 1181696K
  class space    used 18064K, capacity 19903K, committed 20008K, reserved 1048576K
Event: 1512.603 GC heap after
Heap after GC invocations=31 (full 5):
 PSYoungGen      total 589824K, used 65553K [0x00000000d5580000, 0x0000000100000000, 0x0000000100000000)
  eden space 487424K, 0% used [0x00000000d5580000,0x00000000d5580000,0x00000000f3180000)
  from space 102400K, 64% used [0x00000000f9500000,0x00000000fd504440,0x00000000ff900000)
  to   space 101888K, 0% used [0x00000000f3180000,0x00000000f3180000,0x00000000f9500000)
 ParOldGen       total 397824K, used 214060K [0x0000000080000000, 0x0000000098480000, 0x00000000d5580000)
  object space 397824K, 53% used [0x0000000080000000,0x000000008d10b0d0,0x0000000098480000)
 Metaspace       used 142066K, capacity 152202K, committed 152344K, reserved 1181696K
  class space    used 18064K, capacity 19903K, committed 20008K, reserved 1048576K
}
Event: 1582.860 GC heap before
{Heap before GC invocations=32 (full 5):
 PSYoungGen      total 589824K, used 552977K [0x00000000d5580000, 0x0000000100000000, 0x0000000100000000)
  eden space 487424K, 100% used [0x00000000d5580000,0x00000000f3180000,0x00000000f3180000)
  from space 102400K, 64% used [0x00000000f9500000,0x00000000fd504440,0x00000000ff900000)
  to   space 101888K, 0% used [0x00000000f3180000,0x00000000f3180000,0x00000000f9500000)
 ParOldGen       total 397824K, used 214060K [0x0000000080000000, 0x0000000098480000, 0x00000000d5580000)
  object space 397824K, 53% used [0x0000000080000000,0x000000008d10b0d0,0x0000000098480000)
 Metaspace       used 142210K, capacity 152352K, committed 152600K, reserved 1181696K
  class space    used 18067K, capacity 19904K, committed 20008K, reserved 1048576K
Event: 1582.987 GC heap after
Heap after GC invocations=32 (full 5):
 PSYoungGen      total 536576K, used 67588K [0x00000000d5580000, 0x00000000fe600000, 0x0000000100000000)
  eden space 468480K, 0% used [0x00000000d5580000,0x00000000d5580000,0x00000000f1f00000)
  from space 68096K, 99% used [0x00000000f3180000,0x00000000f7381068,0x00000000f7400000)
  to   space 101888K, 0% used [0x00000000f8280000,0x00000000f8280000,0x00000000fe600000)
 ParOldGen       total 397824K, used 214068K [0x0000000080000000, 0x0000000098480000, 0x00000000d5580000)
  object space 397824K, 53% used [0x0000000080000000,0x000000008d10d0d0,0x0000000098480000)
 Metaspace       used 142210K, capacity 152352K, committed 152600K, reserved 1181696K
  class space    used 18067K, capacity 19904K, committed 20008K, reserved 1048576K
}
Event: 1607.862 GC heap before
{Heap before GC invocations=33 (full 5):
 PSYoungGen      total 536576K, used 536068K [0x00000000d5580000, 0x00000000fe600000, 0x0000000100000000)
  eden space 468480K, 100% used [0x00000000d5580000,0x00000000f1f00000,0x00000000f1f00000)
  from space 68096K, 99% used [0x00000000f3180000,0x00000000f7381068,0x00000000f7400000)
  to   space 101888K, 0% used [0x00000000f8280000,0x00000000f8280000,0x00000000fe600000)
 ParOldGen       total 397824K, used 214068K [0x0000000080000000, 0x0000000098480000, 0x00000000d5580000)
  object space 397824K, 53% used [0x0000000080000000,0x000000008d10d0d0,0x0000000098480000)
 Metaspace       used 142330K, capacity 152416K, committed 152600K, reserved 1181696K
  class space    used 18067K, capacity 19904K, committed 20008K, reserved 1048576K
Event: 1607.961 GC heap after
Heap after GC invocations=33 (full 5):
 PSYoungGen      total 534528K, used 68963K [0x00000000d5580000, 0x00000000fd480000, 0x0000000100000000)
  eden space 450560K, 0% used [0x00000000d5580000,0x00000000d5580000,0x00000000f0d80000)
  from space 83968K, 82% used [0x00000000f8280000,0x00000000fc5d8e58,0x00000000fd480000)
  to   space 101888K, 0% used [0x00000000f0d80000,0x00000000f0d80000,0x00000000f7100000)
 ParOldGen       total 397824K, used 214068K [0x0000000080000000, 0x0000000098480000, 0x00000000d5580000)
  object space 397824K, 53% used [0x0000000080000000,0x000000008d10d0d0,0x0000000098480000)
 Metaspace       used 142330K, capacity 152416K, committed 152600K, reserved 1181696K
  class space    used 18067K, capacity 19904K, committed 20008K, reserved 1048576K
}
Event: 1812.319 GC heap before
{Heap before GC invocations=34 (full 5):
 PSYoungGen      total 534528K, used 519523K [0x00000000d5580000, 0x00000000fd480000, 0x0000000100000000)
  eden space 450560K, 100% used [0x00000000d5580000,0x00000000f0d80000,0x00000000f0d80000)
  from space 83968K, 82% used [0x00000000f8280000,0x00000000fc5d8e58,0x00000000fd480000)
  to   space 101888K, 0% used [0x00000000f0d80000,0x00000000f0d80000,0x00000000f7100000)
 ParOldGen       total 397824K, used 214068K [0x0000000080000000, 0x0000000098480000, 0x00000000d5580000)
  object space 397824K, 53% used [0x0000000080000000,0x000000008d10d0d0,0x0000000098480000)
 Metaspace       used 142474K, capacity 152622K, committed 152856K, reserved 1181696K
  class space    used 18068K, capacity 19905K, committed 20008K, reserved 1048576K

